{
  "stats": {
    "suites": 12,
    "tests": 41,
    "passes": 24,
    "pending": 0,
    "failures": 17,
    "start": "2021-05-09T01:12:51.927Z",
    "end": "2021-05-09T01:14:08.793Z",
    "duration": 76866,
    "testsRegistered": 41,
    "passPercent": 58.536585365853654,
    "pendingPercent": 0,
    "other": 0,
    "hasOther": false,
    "skipped": 0,
    "hasSkipped": false
  },
  "results": [
    {
      "uuid": "d35e4e7d-1ff7-46a9-ac20-33685707b6cb",
      "title": "",
      "fullFile": "cypress/integration/project.spec.js",
      "file": "cypress/integration/project.spec.js",
      "beforeHooks": [],
      "afterHooks": [],
      "tests": [],
      "suites": [
        {
          "uuid": "80292fef-8945-437e-9bcc-9db97dfca731",
          "title": "1 - Adicione à página o título \"Paleta de Cores\".",
          "fullFile": "",
          "file": "",
          "beforeHooks": [],
          "afterHooks": [],
          "tests": [
            {
              "title": "Verifica se contém um elemento `h1` com o id `title` com o título correto",
              "fullTitle": "1 - Adicione à página o título \"Paleta de Cores\". Verifica se contém um elemento `h1` com o id `title` com o título correto",
              "timedOut": null,
              "duration": 112,
              "state": "passed",
              "speed": "slow",
              "pass": true,
              "fail": false,
              "pending": false,
              "context": null,
              "code": "cy.get('h1#title').should('contain.text', 'Paleta de Cores');",
              "err": {},
              "uuid": "2a44b950-b45e-4737-acb0-c61789222a9a",
              "parentUUID": "80292fef-8945-437e-9bcc-9db97dfca731",
              "isHook": false,
              "skipped": false
            }
          ],
          "suites": [],
          "passes": [
            "2a44b950-b45e-4737-acb0-c61789222a9a"
          ],
          "failures": [],
          "pending": [],
          "skipped": [],
          "duration": 112,
          "root": false,
          "rootEmpty": false,
          "_timeout": 2000
        },
        {
          "uuid": "47e77afc-7ebe-46b4-99bb-379e1eea2624",
          "title": "2 - Adicione à página uma paleta de quatro cores distintas.",
          "fullFile": "",
          "file": "",
          "beforeHooks": [],
          "afterHooks": [],
          "tests": [
            {
              "title": "A paleta de cores deve ser um elemento com `id` denominado `color-palette`",
              "fullTitle": "2 - Adicione à página uma paleta de quatro cores distintas. A paleta de cores deve ser um elemento com `id` denominado `color-palette`",
              "timedOut": null,
              "duration": 47,
              "state": "passed",
              "speed": "medium",
              "pass": true,
              "fail": false,
              "pending": false,
              "context": null,
              "code": "cy.get('#color-palette').should('be.visible');",
              "err": {},
              "uuid": "c5265b09-7c1a-404b-87c7-389f912f716d",
              "parentUUID": "47e77afc-7ebe-46b4-99bb-379e1eea2624",
              "isHook": false,
              "skipped": false
            },
            {
              "title": "Verifica se cada cor individual da paleta de cores possui a `classe` chamada `color`.",
              "fullTitle": "2 - Adicione à página uma paleta de quatro cores distintas. Verifica se cada cor individual da paleta de cores possui a `classe` chamada `color`.",
              "timedOut": null,
              "duration": 75,
              "state": "passed",
              "speed": "medium",
              "pass": true,
              "fail": false,
              "pending": false,
              "context": null,
              "code": "cy.get('.color').should('have.length', 4).then(function (colors) {\n  for (var i = 0; i < colors.length; i++) {\n    cy.wrap(colors[i]).should('be.visible');\n  }\n});",
              "err": {},
              "uuid": "d1d9c6dd-7a77-400d-8623-e38d753c43cc",
              "parentUUID": "47e77afc-7ebe-46b4-99bb-379e1eea2624",
              "isHook": false,
              "skipped": false
            },
            {
              "title": "Verifica se a cor de fundo de cada elemento da paleta é a cor que o elemento representa. **A única cor não permitida na paleta é a cor branca.**",
              "fullTitle": "2 - Adicione à página uma paleta de quatro cores distintas. Verifica se a cor de fundo de cada elemento da paleta é a cor que o elemento representa. **A única cor não permitida na paleta é a cor branca.**",
              "timedOut": null,
              "duration": 87,
              "state": "passed",
              "speed": "slow",
              "pass": true,
              "fail": false,
              "pending": false,
              "context": null,
              "code": "cy.get('.color').each(function (color) {\n  cy.wrap(color).should('have.class', 'color').and('not.have.css', 'background-color', WHITE);\n  cy.wrap(color).should('have.css', 'background-color');\n});",
              "err": {},
              "uuid": "4d9dabf5-cd5f-4e87-b241-80c9eb542b30",
              "parentUUID": "47e77afc-7ebe-46b4-99bb-379e1eea2624",
              "isHook": false,
              "skipped": false
            },
            {
              "title": "Verifica se cada elemento da paleta de cores tem uma borda preta, sólida e com 1 pixel de largura;",
              "fullTitle": "2 - Adicione à página uma paleta de quatro cores distintas. Verifica se cada elemento da paleta de cores tem uma borda preta, sólida e com 1 pixel de largura;",
              "timedOut": null,
              "duration": 63,
              "state": "passed",
              "speed": "medium",
              "pass": true,
              "fail": false,
              "pending": false,
              "context": null,
              "code": "cy.get('.color').each(function (color) {\n  cy.wrap(color).and('have.css', 'border', \"1px solid \".concat(BLACK)).and('have.class', 'color');\n});",
              "err": {},
              "uuid": "1b8d1a89-699b-488a-a239-5271aa3691b8",
              "parentUUID": "47e77afc-7ebe-46b4-99bb-379e1eea2624",
              "isHook": false,
              "skipped": false
            },
            {
              "title": "Verifica se a paleta lista todas as cores disponíveis para utilização, lado a lado.",
              "fullTitle": "2 - Adicione à página uma paleta de quatro cores distintas. Verifica se a paleta lista todas as cores disponíveis para utilização, lado a lado.",
              "timedOut": null,
              "duration": 68,
              "state": "passed",
              "speed": "medium",
              "pass": true,
              "fail": false,
              "pending": false,
              "context": null,
              "code": "cy.get('.color').then(function (colors) {\n  for (var index = 1; index < colors.length; index += 1) {\n    var currentColor = colors[index];\n    var previousColor = colors[index - 1];\n    cy.wrap(currentColor).should('be.onTheRightOf', previousColor).and('be.horizontallyAlignedWith', previousColor);\n  }\n});",
              "err": {},
              "uuid": "56832d30-1d52-4dc9-97dc-92c50ee87930",
              "parentUUID": "47e77afc-7ebe-46b4-99bb-379e1eea2624",
              "isHook": false,
              "skipped": false
            },
            {
              "title": "Verifica se a paleta de cores está posicionada abaixo do título 'Paleta de Cores'",
              "fullTitle": "2 - Adicione à página uma paleta de quatro cores distintas. Verifica se a paleta de cores está posicionada abaixo do título 'Paleta de Cores'",
              "timedOut": null,
              "duration": 82,
              "state": "passed",
              "speed": "slow",
              "pass": true,
              "fail": false,
              "pending": false,
              "context": null,
              "code": "cy.get('h1#title').then(function (title) {\n  cy.get('#color-palette').should('be.belowOf', title);\n});",
              "err": {},
              "uuid": "02585014-b635-4ef2-894d-1d62c20d64dd",
              "parentUUID": "47e77afc-7ebe-46b4-99bb-379e1eea2624",
              "isHook": false,
              "skipped": false
            },
            {
              "title": "Verifica se a paleta de cores não contém cores repetidas.",
              "fullTitle": "2 - Adicione à página uma paleta de quatro cores distintas. Verifica se a paleta de cores não contém cores repetidas.",
              "timedOut": null,
              "duration": 74,
              "state": "passed",
              "speed": "medium",
              "pass": true,
              "fail": false,
              "pending": false,
              "context": null,
              "code": "cy.get('.color').then(function (colors) {\n  var allColors = Array.from(colors).map(function (color) {\n    return Cypress.$(color).css('background-color');\n  });\n  cy.log(allColors);\n  var uniqColors = (0, _toConsumableArray2[\"default\"])(new Set(allColors));\n  cy.log(uniqColors);\n  expect(allColors.length).to.eq(uniqColors.length);\n});",
              "err": {},
              "uuid": "b0b4a997-cb9a-4e7b-9dd4-cab659541071",
              "parentUUID": "47e77afc-7ebe-46b4-99bb-379e1eea2624",
              "isHook": false,
              "skipped": false
            }
          ],
          "suites": [],
          "passes": [
            "c5265b09-7c1a-404b-87c7-389f912f716d",
            "d1d9c6dd-7a77-400d-8623-e38d753c43cc",
            "4d9dabf5-cd5f-4e87-b241-80c9eb542b30",
            "1b8d1a89-699b-488a-a239-5271aa3691b8",
            "56832d30-1d52-4dc9-97dc-92c50ee87930",
            "02585014-b635-4ef2-894d-1d62c20d64dd",
            "b0b4a997-cb9a-4e7b-9dd4-cab659541071"
          ],
          "failures": [],
          "pending": [],
          "skipped": [],
          "duration": 496,
          "root": false,
          "rootEmpty": false,
          "_timeout": 2000
        },
        {
          "uuid": "4c0c5028-1a52-4356-9f88-9d680b141598",
          "title": "3 - Adicione a cor **preta** como a primeira cor da paleta de cores.",
          "fullFile": "",
          "file": "",
          "beforeHooks": [],
          "afterHooks": [],
          "tests": [
            {
              "title": "Verifica se a primeira cor da paleta é preta",
              "fullTitle": "3 - Adicione a cor **preta** como a primeira cor da paleta de cores. Verifica se a primeira cor da paleta é preta",
              "timedOut": null,
              "duration": 84,
              "state": "passed",
              "speed": "slow",
              "pass": true,
              "fail": false,
              "pending": false,
              "context": null,
              "code": "cy.get('.color').first().should('have.css', 'background-color', BLACK);",
              "err": {},
              "uuid": "9f23093e-ce3c-4793-8f54-0df9d5e1dade",
              "parentUUID": "4c0c5028-1a52-4356-9f88-9d680b141598",
              "isHook": false,
              "skipped": false
            },
            {
              "title": "Verifica se as demais cores podem ser escolhidas livremente.",
              "fullTitle": "3 - Adicione a cor **preta** como a primeira cor da paleta de cores. Verifica se as demais cores podem ser escolhidas livremente.",
              "timedOut": null,
              "duration": 149,
              "state": "passed",
              "speed": "slow",
              "pass": true,
              "fail": false,
              "pending": false,
              "context": null,
              "code": "cy.get('.color').eq(1).should('not.have.css', 'background-color', BLACK);\ncy.get('.color').eq(1).should('not.have.css', 'background-color', WHITE);\ncy.get('.color').eq(1).should('not.have.css', 'background-color', 'rgba(0, 0, 0, 0)');\ncy.get('.color').eq(1).should('have.css', 'background-color');\ncy.get('.color').eq(2).should('not.have.css', 'background-color', BLACK);\ncy.get('.color').eq(2).should('not.have.css', 'background-color', WHITE);\ncy.get('.color').eq(2).should('not.have.css', 'background-color', 'rgba(0, 0, 0, 0)');\ncy.get('.color').eq(2).should('have.css', 'background-color');\ncy.get('.color').eq(3).should('not.have.css', 'background-color', BLACK);\ncy.get('.color').eq(3).should('not.have.css', 'background-color', WHITE);\ncy.get('.color').eq(3).should('not.have.css', 'background-color', 'rgba(0, 0, 0, 0)');\ncy.get('.color').eq(3).should('have.css', 'background-color');",
              "err": {},
              "uuid": "8c012a0f-2946-4a0b-ad2e-c3e4d98841de",
              "parentUUID": "4c0c5028-1a52-4356-9f88-9d680b141598",
              "isHook": false,
              "skipped": false
            }
          ],
          "suites": [],
          "passes": [
            "9f23093e-ce3c-4793-8f54-0df9d5e1dade",
            "8c012a0f-2946-4a0b-ad2e-c3e4d98841de"
          ],
          "failures": [],
          "pending": [],
          "skipped": [],
          "duration": 233,
          "root": false,
          "rootEmpty": false,
          "_timeout": 2000
        },
        {
          "uuid": "354e7a00-d6c8-4b6e-9795-29ed12c94924",
          "title": "4 - Adicione à página um quadro de pixels, com 25 pixels.",
          "fullFile": "",
          "file": "",
          "beforeHooks": [],
          "afterHooks": [],
          "tests": [
            {
              "title": "Verifica se o quadro de pixels possui o `id` denominado `pixel-board`",
              "fullTitle": "4 - Adicione à página um quadro de pixels, com 25 pixels. Verifica se o quadro de pixels possui o `id` denominado `pixel-board`",
              "timedOut": null,
              "duration": 52,
              "state": "passed",
              "speed": "medium",
              "pass": true,
              "fail": false,
              "pending": false,
              "context": null,
              "code": "cy.get('#pixel-board').should('be.visible');",
              "err": {},
              "uuid": "0985b369-e59d-4411-801e-49f92bc1fdd3",
              "parentUUID": "354e7a00-d6c8-4b6e-9795-29ed12c94924",
              "isHook": false,
              "skipped": false
            },
            {
              "title": "Verifica se cada pixel individual dentro do quadro possui a `classe` denominada `pixel`.",
              "fullTitle": "4 - Adicione à página um quadro de pixels, com 25 pixels. Verifica se cada pixel individual dentro do quadro possui a `classe` denominada `pixel`.",
              "timedOut": null,
              "duration": 74,
              "state": "passed",
              "speed": "medium",
              "pass": true,
              "fail": false,
              "pending": false,
              "context": null,
              "code": "cy.get('.pixel').should('have.length', 25);",
              "err": {},
              "uuid": "5a4b763a-1e12-49f3-a75a-00428eb96266",
              "parentUUID": "354e7a00-d6c8-4b6e-9795-29ed12c94924",
              "isHook": false,
              "skipped": false
            },
            {
              "title": "Verifica se a cor inicial dos pixels dentro do quadro, ao abrir a página, é branca.",
              "fullTitle": "4 - Adicione à página um quadro de pixels, com 25 pixels. Verifica se a cor inicial dos pixels dentro do quadro, ao abrir a página, é branca.",
              "timedOut": null,
              "duration": 119,
              "state": "passed",
              "speed": "slow",
              "pass": true,
              "fail": false,
              "pending": false,
              "context": null,
              "code": "cy.get('.pixel').should('have.length', 25).each(function (pixel) {\n  expect(pixel).to.have.css('background-color', WHITE);\n});",
              "err": {},
              "uuid": "36820d1f-4d11-453e-9dbe-9b70c71ea03e",
              "parentUUID": "354e7a00-d6c8-4b6e-9795-29ed12c94924",
              "isHook": false,
              "skipped": false
            },
            {
              "title": "Verifica se o quadro de pixels aparece abaixo da paleta de cores",
              "fullTitle": "4 - Adicione à página um quadro de pixels, com 25 pixels. Verifica se o quadro de pixels aparece abaixo da paleta de cores",
              "timedOut": null,
              "duration": 77,
              "state": "passed",
              "speed": "slow",
              "pass": true,
              "fail": false,
              "pending": false,
              "context": null,
              "code": "cy.get('#color-palette').then(function (palette) {\n  cy.get('#pixel-board').should('be.belowOf', palette);\n});",
              "err": {},
              "uuid": "e8330378-dd00-4bb1-ab7b-89b7b12a7360",
              "parentUUID": "354e7a00-d6c8-4b6e-9795-29ed12c94924",
              "isHook": false,
              "skipped": false
            }
          ],
          "suites": [],
          "passes": [
            "0985b369-e59d-4411-801e-49f92bc1fdd3",
            "5a4b763a-1e12-49f3-a75a-00428eb96266",
            "36820d1f-4d11-453e-9dbe-9b70c71ea03e",
            "e8330378-dd00-4bb1-ab7b-89b7b12a7360"
          ],
          "failures": [],
          "pending": [],
          "skipped": [],
          "duration": 322,
          "root": false,
          "rootEmpty": false,
          "_timeout": 2000
        },
        {
          "uuid": "f65e08ad-5b94-4c4e-b0a1-398f9cc35e00",
          "title": "5 - Faça com que cada elemento do quadro de pixels possua 40 pixels de largura, 40 pixels de altura e seja delimitado por uma borda preta de 1 pixel.",
          "fullFile": "",
          "file": "",
          "beforeHooks": [],
          "afterHooks": [],
          "tests": [
            {
              "title": "Verifica se o quadro de pixels tem altura e comprimento de 5 elementos",
              "fullTitle": "5 - Faça com que cada elemento do quadro de pixels possua 40 pixels de largura, 40 pixels de altura e seja delimitado por uma borda preta de 1 pixel. Verifica se o quadro de pixels tem altura e comprimento de 5 elementos",
              "timedOut": null,
              "duration": 197,
              "state": "passed",
              "speed": "slow",
              "pass": true,
              "fail": false,
              "pending": false,
              "context": null,
              "code": "cy.get('.pixel').should('have.length', 25).each(function (pixel) {\n  expect(pixel).to.have.css('background-color', WHITE);\n}).and(function (pixels) {\n  var rows = chunk(pixels, 5);\n  rows.forEach(function (row) {\n    for (var index = 1; index < row.length; index += 1) {\n      var current = pixels[index];\n      var previous = pixels[index - 1];\n      cy.wrap(current).should('be.onTheRightOf', previous).and('be.horizontallyAlignedWith', previous);\n    }\n  });\n  for (var index = 1; index < 5; index += 1) {\n    expect(pixels[index * 5]).to.be.belowOf(pixels[(index - 1) * 5]);\n  }\n});",
              "err": {},
              "uuid": "e231e910-dfbe-419a-b37c-eb99c79661f2",
              "parentUUID": "f65e08ad-5b94-4c4e-b0a1-398f9cc35e00",
              "isHook": false,
              "skipped": false
            },
            {
              "title": "Verifica se 40 pixels é o tamanho total do elemento, incluindo seu conteúdo e excluindo a borda preta, que deve ser criada à parte.",
              "fullTitle": "5 - Faça com que cada elemento do quadro de pixels possua 40 pixels de largura, 40 pixels de altura e seja delimitado por uma borda preta de 1 pixel. Verifica se 40 pixels é o tamanho total do elemento, incluindo seu conteúdo e excluindo a borda preta, que deve ser criada à parte.",
              "timedOut": null,
              "duration": 192,
              "state": "passed",
              "speed": "slow",
              "pass": true,
              "fail": false,
              "pending": false,
              "context": null,
              "code": "cy.get('.pixel').each(function (pixel) {\n  cy.wrap(pixel).should('have.css', 'height', '40px').and('have.css', 'width', '40px').and('have.css', 'border', \"1px solid \".concat(BLACK));\n});",
              "err": {},
              "uuid": "297c1ba7-a875-4c19-8b0e-a2bfad6483df",
              "parentUUID": "f65e08ad-5b94-4c4e-b0a1-398f9cc35e00",
              "isHook": false,
              "skipped": false
            }
          ],
          "suites": [],
          "passes": [
            "e231e910-dfbe-419a-b37c-eb99c79661f2",
            "297c1ba7-a875-4c19-8b0e-a2bfad6483df"
          ],
          "failures": [],
          "pending": [],
          "skipped": [],
          "duration": 389,
          "root": false,
          "rootEmpty": false,
          "_timeout": 2000
        },
        {
          "uuid": "5054ba3c-4396-468e-aa3f-f84d8d07c26f",
          "title": "6 - Defina a cor preta como cor inicial. Ao carregar a página a cor preta já deve estar selecionada para pintar os pixels",
          "fullFile": "",
          "file": "",
          "beforeHooks": [],
          "afterHooks": [],
          "tests": [
            {
              "title": "Verifica se o elemento da cor preta possui, inicialmente, a `classe` `selected`",
              "fullTitle": "6 - Defina a cor preta como cor inicial. Ao carregar a página a cor preta já deve estar selecionada para pintar os pixels Verifica se o elemento da cor preta possui, inicialmente, a `classe` `selected`",
              "timedOut": null,
              "duration": 58,
              "state": "passed",
              "speed": "medium",
              "pass": true,
              "fail": false,
              "pending": false,
              "context": null,
              "code": "cy.get('.selected').first().should('have.css', 'background-color', BLACK);",
              "err": {},
              "uuid": "528847e3-bdfd-4d5f-8c16-735bd7bd7cd2",
              "parentUUID": "5054ba3c-4396-468e-aa3f-f84d8d07c26f",
              "isHook": false,
              "skipped": false
            },
            {
              "title": "Verifica se nenhuma outra cor da paleta tem a `classe` `selected`",
              "fullTitle": "6 - Defina a cor preta como cor inicial. Ao carregar a página a cor preta já deve estar selecionada para pintar os pixels Verifica se nenhuma outra cor da paleta tem a `classe` `selected`",
              "timedOut": null,
              "duration": 71,
              "state": "passed",
              "speed": "medium",
              "pass": true,
              "fail": false,
              "pending": false,
              "context": null,
              "code": "cy.get('.color:not(:first-child)').each(function (color) {\n  cy.wrap(color).should('not.have.class', 'selected');\n});",
              "err": {},
              "uuid": "87cfca97-4572-4e9f-ac34-51186f6babb6",
              "parentUUID": "5054ba3c-4396-468e-aa3f-f84d8d07c26f",
              "isHook": false,
              "skipped": false
            }
          ],
          "suites": [],
          "passes": [
            "528847e3-bdfd-4d5f-8c16-735bd7bd7cd2",
            "87cfca97-4572-4e9f-ac34-51186f6babb6"
          ],
          "failures": [],
          "pending": [],
          "skipped": [],
          "duration": 129,
          "root": false,
          "rootEmpty": false,
          "_timeout": 2000
        },
        {
          "uuid": "2117d638-d4e9-4d8e-a894-dca3dd99095f",
          "title": "7 - Clicar em uma das cores da paleta, faz com que ela seja selecionada e utilizada para preencher os pixels no quadro.",
          "fullFile": "",
          "file": "",
          "beforeHooks": [],
          "afterHooks": [],
          "tests": [
            {
              "title": "Verifica se somente uma cor da paleta de cores tem a classe `selected` de cada vez",
              "fullTitle": "7 - Clicar em uma das cores da paleta, faz com que ela seja selecionada e utilizada para preencher os pixels no quadro. Verifica se somente uma cor da paleta de cores tem a classe `selected` de cada vez",
              "timedOut": null,
              "duration": 448,
              "state": "passed",
              "speed": "slow",
              "pass": true,
              "fail": false,
              "pending": false,
              "context": null,
              "code": "cy.get('.color').each(function (selectedColor, selectedColorIndex) {\n  cy.wrap(selectedColor).click();\n  cy.get('.color').each(function (color, colorIndex) {\n    if (colorIndex === selectedColorIndex) {\n      expect(color).to.have[\"class\"]('selected');\n    } else {\n      expect(color).not.to.have[\"class\"]('selected');\n    }\n  });\n});",
              "err": {},
              "uuid": "d20e14fc-1602-40d7-bfb7-0bf7fb03820d",
              "parentUUID": "2117d638-d4e9-4d8e-a894-dca3dd99095f",
              "isHook": false,
              "skipped": false
            },
            {
              "title": "Verifica se os pixels dentro do quadro não têm a classe `selected` quando são clicados",
              "fullTitle": "7 - Clicar em uma das cores da paleta, faz com que ela seja selecionada e utilizada para preencher os pixels no quadro. Verifica se os pixels dentro do quadro não têm a classe `selected` quando são clicados",
              "timedOut": null,
              "duration": 8736,
              "state": "passed",
              "speed": "slow",
              "pass": true,
              "fail": false,
              "pending": false,
              "context": null,
              "code": "cy.get('.color').each(function (color) {\n  var backgroundColor = color.css('background-color');\n  cy.wrap(color).click();\n  cy.get('.pixel').each(function (pixel) {\n    cy.wrap(pixel).click().should('not.have.class', 'selected');\n  });\n});",
              "err": {},
              "uuid": "c13b9704-f716-4440-a2f9-7b8ed8680ace",
              "parentUUID": "2117d638-d4e9-4d8e-a894-dca3dd99095f",
              "isHook": false,
              "skipped": false
            }
          ],
          "suites": [],
          "passes": [
            "d20e14fc-1602-40d7-bfb7-0bf7fb03820d",
            "c13b9704-f716-4440-a2f9-7b8ed8680ace"
          ],
          "failures": [],
          "pending": [],
          "skipped": [],
          "duration": 9184,
          "root": false,
          "rootEmpty": false,
          "_timeout": 2000
        },
        {
          "uuid": "08d96834-706e-4516-a88a-1e70452a74f7",
          "title": "8 - Clicar em um pixel dentro do quadro após selecionar uma cor na paleta, faz com que o pixel seja preenchido com a cor selecionada.",
          "fullFile": "",
          "file": "",
          "beforeHooks": [],
          "afterHooks": [],
          "tests": [
            {
              "title": "Verifica se ao carregar a página deve ser possível pintar os pixels de preto",
              "fullTitle": "8 - Clicar em um pixel dentro do quadro após selecionar uma cor na paleta, faz com que o pixel seja preenchido com a cor selecionada. Verifica se ao carregar a página deve ser possível pintar os pixels de preto",
              "timedOut": null,
              "duration": 4282,
              "state": "failed",
              "speed": null,
              "pass": false,
              "fail": true,
              "pending": false,
              "context": null,
              "code": "cy.get('.pixel').each(function (pixel) {\n  cy.wrap(pixel).click().should('have.css', 'background-color', BLACK);\n});",
              "err": {
                "message": "CypressError: Timed out retrying: expected '<div.pixel>' to have CSS property 'background-color' with the value 'rgb(0, 0, 0)', but the value was 'rgb(255, 255, 255)'",
                "estack": "CypressError: Timed out retrying: expected '<div.pixel>' to have CSS property 'background-color' with the value 'rgb(0, 0, 0)', but the value was 'rgb(255, 255, 255)'\n    at cypressErr (http://localhost:37339/__cypress/runner/cypress_runner.js:149934:9)\n    at throwErr (http://localhost:37339/__cypress/runner/cypress_runner.js:149867:11)\n    at Object.throwErrByPath (http://localhost:37339/__cypress/runner/cypress_runner.js:149915:3)\n    at retry (http://localhost:37339/__cypress/runner/cypress_runner.js:144197:19)\n    at onFailFn (http://localhost:37339/__cypress/runner/cypress_runner.js:132448:16)\n    at tryCatcher (http://localhost:37339/__cypress/runner/cypress_runner.js:167415:23)\n    at Promise._settlePromiseFromHandler (http://localhost:37339/__cypress/runner/cypress_runner.js:165351:31)\n    at Promise._settlePromise (http://localhost:37339/__cypress/runner/cypress_runner.js:165408:18)\n    at Promise._settlePromise0 (http://localhost:37339/__cypress/runner/cypress_runner.js:165453:10)\n    at Promise._settlePromises (http://localhost:37339/__cypress/runner/cypress_runner.js:165528:18)\n    at Async../node_modules/bluebird/js/release/async.js.Async._drainQueue (http://localhost:37339/__cypress/runner/cypress_runner.js:162140:16)\n    at Async../node_modules/bluebird/js/release/async.js.Async._drainQueues (http://localhost:37339/__cypress/runner/cypress_runner.js:162150:10)\n    at Async.drainQueues (http://localhost:37339/__cypress/runner/cypress_runner.js:162024:14)",
                "diff": null
              },
              "uuid": "e3d3cb8f-c631-47ed-8992-544f655c0f04",
              "parentUUID": "08d96834-706e-4516-a88a-1e70452a74f7",
              "isHook": false,
              "skipped": false
            },
            {
              "title": "Verifica se após selecionar uma outra cor na paleta, é possível pintar os pixels com essa cor",
              "fullTitle": "8 - Clicar em um pixel dentro do quadro após selecionar uma cor na paleta, faz com que o pixel seja preenchido com a cor selecionada. Verifica se após selecionar uma outra cor na paleta, é possível pintar os pixels com essa cor",
              "timedOut": null,
              "duration": 4372,
              "state": "failed",
              "speed": null,
              "pass": false,
              "fail": true,
              "pending": false,
              "context": null,
              "code": "cy.get('.color').each(function (color) {\n  var backgroundColor = color.css('background-color');\n  cy.wrap(color).click();\n  cy.get('.pixel').each(function (pixel) {\n    cy.wrap(pixel).click().should('have.css', 'background-color', backgroundColor);\n  });\n});",
              "err": {
                "message": "CypressError: Timed out retrying: expected '<div.pixel>' to have CSS property 'background-color' with the value 'rgb(0, 0, 0)', but the value was 'rgb(255, 255, 255)'",
                "estack": "CypressError: Timed out retrying: expected '<div.pixel>' to have CSS property 'background-color' with the value 'rgb(0, 0, 0)', but the value was 'rgb(255, 255, 255)'\n    at cypressErr (http://localhost:37339/__cypress/runner/cypress_runner.js:149934:9)\n    at throwErr (http://localhost:37339/__cypress/runner/cypress_runner.js:149867:11)\n    at Object.throwErrByPath (http://localhost:37339/__cypress/runner/cypress_runner.js:149915:3)\n    at retry (http://localhost:37339/__cypress/runner/cypress_runner.js:144197:19)\n    at onFailFn (http://localhost:37339/__cypress/runner/cypress_runner.js:132448:16)\n    at tryCatcher (http://localhost:37339/__cypress/runner/cypress_runner.js:167415:23)\n    at Promise._settlePromiseFromHandler (http://localhost:37339/__cypress/runner/cypress_runner.js:165351:31)\n    at Promise._settlePromise (http://localhost:37339/__cypress/runner/cypress_runner.js:165408:18)\n    at Promise._settlePromise0 (http://localhost:37339/__cypress/runner/cypress_runner.js:165453:10)\n    at Promise._settlePromises (http://localhost:37339/__cypress/runner/cypress_runner.js:165528:18)\n    at Async../node_modules/bluebird/js/release/async.js.Async._drainQueue (http://localhost:37339/__cypress/runner/cypress_runner.js:162140:16)\n    at Async../node_modules/bluebird/js/release/async.js.Async._drainQueues (http://localhost:37339/__cypress/runner/cypress_runner.js:162150:10)\n    at Async.drainQueues (http://localhost:37339/__cypress/runner/cypress_runner.js:162024:14)",
                "diff": null
              },
              "uuid": "90095acf-e073-4ecb-9f4b-24c9b2c74645",
              "parentUUID": "08d96834-706e-4516-a88a-1e70452a74f7",
              "isHook": false,
              "skipped": false
            },
            {
              "title": "Verifica se somente o pixel que foi clicado foi preenchido com a cor selecionada, sem influenciar na cor dos demais pixels.",
              "fullTitle": "8 - Clicar em um pixel dentro do quadro após selecionar uma cor na paleta, faz com que o pixel seja preenchido com a cor selecionada. Verifica se somente o pixel que foi clicado foi preenchido com a cor selecionada, sem influenciar na cor dos demais pixels.",
              "timedOut": null,
              "duration": 1072,
              "state": "passed",
              "speed": "slow",
              "pass": true,
              "fail": false,
              "pending": false,
              "context": null,
              "code": "var colorToPixelIndexMap = {\n  0: 6,\n  1: 8,\n  2: 16,\n  3: 18\n};\ncy.get('.color').each(function (color, index) {\n  cy.wrap(color).click();\n  var backgroundColor = color.css('background-color');\n  var clickedPixelIndex = colorToPixelIndexMap[index];\n  cy.get('.pixel').eq(clickedPixelIndex).click();\n  cy.get('.pixel').eq(clickedPixelIndex - 1).should('not.have.css', 'background-color', backgroundColor);\n  cy.get('.pixel').eq(clickedPixelIndex + 1).should('not.have.css', 'background-color', backgroundColor);\n  cy.get('.pixel').eq(clickedPixelIndex - 5).should('not.have.css', 'background-color', backgroundColor);\n  cy.get('.pixel').eq(clickedPixelIndex + 5).should('not.have.css', 'background-color', backgroundColor);\n  cy.get('.pixel').eq(clickedPixelIndex - 6).should('not.have.css', 'background-color', backgroundColor);\n  cy.get('.pixel').eq(clickedPixelIndex - 4).should('not.have.css', 'background-color', backgroundColor);\n  cy.get('.pixel').eq(clickedPixelIndex + 4).should('not.have.css', 'background-color', backgroundColor);\n  cy.get('.pixel').eq(clickedPixelIndex + 6).should('not.have.css', 'background-color', backgroundColor);\n});",
              "err": {},
              "uuid": "7d491a1f-8d57-4be5-b709-2b0979c618a4",
              "parentUUID": "08d96834-706e-4516-a88a-1e70452a74f7",
              "isHook": false,
              "skipped": false
            }
          ],
          "suites": [],
          "passes": [
            "7d491a1f-8d57-4be5-b709-2b0979c618a4"
          ],
          "failures": [
            "e3d3cb8f-c631-47ed-8992-544f655c0f04",
            "90095acf-e073-4ecb-9f4b-24c9b2c74645"
          ],
          "pending": [],
          "skipped": [],
          "duration": 9726,
          "root": false,
          "rootEmpty": false,
          "_timeout": 2000
        },
        {
          "uuid": "d49fdc86-868b-4a80-9b22-d7fdd9740fc6",
          "title": "9 - Crie um botão que, ao ser clicado, limpa o quadro preenchendo a cor de todos seus pixels com branco.",
          "fullFile": "",
          "file": "",
          "beforeHooks": [],
          "afterHooks": [],
          "tests": [
            {
              "title": "Verifica se o botão tem o `id` denominado `clear-board`",
              "fullTitle": "9 - Crie um botão que, ao ser clicado, limpa o quadro preenchendo a cor de todos seus pixels com branco. Verifica se o botão tem o `id` denominado `clear-board`",
              "timedOut": null,
              "duration": 98,
              "state": "passed",
              "speed": "slow",
              "pass": true,
              "fail": false,
              "pending": false,
              "context": null,
              "code": "cy.get('#clear-board').should('be.visible');",
              "err": {},
              "uuid": "f01ac79c-a530-4042-ab34-695d8a48f302",
              "parentUUID": "d49fdc86-868b-4a80-9b22-d7fdd9740fc6",
              "isHook": false,
              "skipped": false
            },
            {
              "title": "Verifica se o botão está posicionado entre a paleta de cores e o quadro de pixels",
              "fullTitle": "9 - Crie um botão que, ao ser clicado, limpa o quadro preenchendo a cor de todos seus pixels com branco. Verifica se o botão está posicionado entre a paleta de cores e o quadro de pixels",
              "timedOut": null,
              "duration": 62,
              "state": "passed",
              "speed": "medium",
              "pass": true,
              "fail": false,
              "pending": false,
              "context": null,
              "code": "cy.get('#color-palette').then(function (palette) {\n  cy.get('#clear-board').should('be.belowOf', palette);\n});\ncy.get('#clear-board').then(function (clearBtn) {\n  cy.get('#pixel-board').should('be.belowOf', clearBtn);\n});",
              "err": {},
              "uuid": "f32b28ff-cfca-495e-8b52-12243edb4993",
              "parentUUID": "d49fdc86-868b-4a80-9b22-d7fdd9740fc6",
              "isHook": false,
              "skipped": false
            },
            {
              "title": "Verifica se o texto do botão é 'Limpar'",
              "fullTitle": "9 - Crie um botão que, ao ser clicado, limpa o quadro preenchendo a cor de todos seus pixels com branco. Verifica se o texto do botão é 'Limpar'",
              "timedOut": null,
              "duration": 46,
              "state": "passed",
              "speed": "medium",
              "pass": true,
              "fail": false,
              "pending": false,
              "context": null,
              "code": "cy.get('#clear-board').should('contain.text', 'Limpar');",
              "err": {},
              "uuid": "fbe2ca31-3f72-4705-b23d-50396b3d365d",
              "parentUUID": "d49fdc86-868b-4a80-9b22-d7fdd9740fc6",
              "isHook": false,
              "skipped": false
            },
            {
              "title": "Verifica se ao clicar no botão, o quadro de pixels é totalmente preenchido de branco",
              "fullTitle": "9 - Crie um botão que, ao ser clicado, limpa o quadro preenchendo a cor de todos seus pixels com branco. Verifica se ao clicar no botão, o quadro de pixels é totalmente preenchido de branco",
              "timedOut": null,
              "duration": 4303,
              "state": "failed",
              "speed": null,
              "pass": false,
              "fail": true,
              "pending": false,
              "context": null,
              "code": "cy.get('.color').eq(1).then(function (color) {\n  var backgroundColor = color.css('background-color');\n  cy.wrap(color).click();\n  cy.get('.pixel').each(function (pixel) {\n    cy.wrap(pixel).click().should('have.css', 'background-color', backgroundColor);\n  });\n});\ncy.get('#clear-board').click();\ncy.get('.pixel').each(function (pixel) {\n  cy.wrap(pixel).should('have.css', 'background-color', WHITE);\n});",
              "err": {
                "message": "CypressError: Timed out retrying: expected '<div.pixel>' to have CSS property 'background-color' with the value 'rgb(128, 0, 128)', but the value was 'rgb(255, 255, 255)'",
                "estack": "CypressError: Timed out retrying: expected '<div.pixel>' to have CSS property 'background-color' with the value 'rgb(128, 0, 128)', but the value was 'rgb(255, 255, 255)'\n    at cypressErr (http://localhost:37339/__cypress/runner/cypress_runner.js:149934:9)\n    at throwErr (http://localhost:37339/__cypress/runner/cypress_runner.js:149867:11)\n    at Object.throwErrByPath (http://localhost:37339/__cypress/runner/cypress_runner.js:149915:3)\n    at retry (http://localhost:37339/__cypress/runner/cypress_runner.js:144197:19)\n    at onFailFn (http://localhost:37339/__cypress/runner/cypress_runner.js:132448:16)\n    at tryCatcher (http://localhost:37339/__cypress/runner/cypress_runner.js:167415:23)\n    at Promise._settlePromiseFromHandler (http://localhost:37339/__cypress/runner/cypress_runner.js:165351:31)\n    at Promise._settlePromise (http://localhost:37339/__cypress/runner/cypress_runner.js:165408:18)\n    at Promise._settlePromise0 (http://localhost:37339/__cypress/runner/cypress_runner.js:165453:10)\n    at Promise._settlePromises (http://localhost:37339/__cypress/runner/cypress_runner.js:165528:18)\n    at Async../node_modules/bluebird/js/release/async.js.Async._drainQueue (http://localhost:37339/__cypress/runner/cypress_runner.js:162140:16)\n    at Async../node_modules/bluebird/js/release/async.js.Async._drainQueues (http://localhost:37339/__cypress/runner/cypress_runner.js:162150:10)\n    at Async.drainQueues (http://localhost:37339/__cypress/runner/cypress_runner.js:162024:14)",
                "diff": null
              },
              "uuid": "f55a7e16-69da-4966-96fd-03e8609bb276",
              "parentUUID": "d49fdc86-868b-4a80-9b22-d7fdd9740fc6",
              "isHook": false,
              "skipped": false
            }
          ],
          "suites": [],
          "passes": [
            "f01ac79c-a530-4042-ab34-695d8a48f302",
            "f32b28ff-cfca-495e-8b52-12243edb4993",
            "fbe2ca31-3f72-4705-b23d-50396b3d365d"
          ],
          "failures": [
            "f55a7e16-69da-4966-96fd-03e8609bb276"
          ],
          "pending": [],
          "skipped": [],
          "duration": 4509,
          "root": false,
          "rootEmpty": false,
          "_timeout": 2000
        },
        {
          "uuid": "4a6455cd-36d5-437f-8cf8-843398f65c19",
          "title": "10 - Faça o quadro de pixels ter seu tamanho definido pelo usuário.",
          "fullFile": "",
          "file": "",
          "beforeHooks": [],
          "afterHooks": [],
          "tests": [
            {
              "title": "Verifica se existe um input com o id `board-size`",
              "fullTitle": "10 - Faça o quadro de pixels ter seu tamanho definido pelo usuário. Verifica se existe um input com o id `board-size`",
              "timedOut": null,
              "duration": 4191,
              "state": "failed",
              "speed": null,
              "pass": false,
              "fail": true,
              "pending": false,
              "context": null,
              "code": "cy.get('#board-size').should('be.visible');",
              "err": {
                "message": "CypressError: Timed out retrying: Expected to find element: '#board-size', but never found it.",
                "estack": "CypressError: Timed out retrying: Expected to find element: '#board-size', but never found it.\n    at cypressErr (http://localhost:37339/__cypress/runner/cypress_runner.js:149934:9)\n    at throwErr (http://localhost:37339/__cypress/runner/cypress_runner.js:149867:11)\n    at Object.throwErrByPath (http://localhost:37339/__cypress/runner/cypress_runner.js:149915:3)\n    at retry (http://localhost:37339/__cypress/runner/cypress_runner.js:144197:19)\n    at onFailFn (http://localhost:37339/__cypress/runner/cypress_runner.js:132448:16)\n    at tryCatcher (http://localhost:37339/__cypress/runner/cypress_runner.js:167415:23)\n    at Promise._settlePromiseFromHandler (http://localhost:37339/__cypress/runner/cypress_runner.js:165351:31)\n    at Promise._settlePromise (http://localhost:37339/__cypress/runner/cypress_runner.js:165408:18)\n    at Promise._settlePromise0 (http://localhost:37339/__cypress/runner/cypress_runner.js:165453:10)\n    at Promise._settlePromises (http://localhost:37339/__cypress/runner/cypress_runner.js:165528:18)\n    at Async../node_modules/bluebird/js/release/async.js.Async._drainQueue (http://localhost:37339/__cypress/runner/cypress_runner.js:162140:16)\n    at Async../node_modules/bluebird/js/release/async.js.Async._drainQueues (http://localhost:37339/__cypress/runner/cypress_runner.js:162150:10)\n    at Async.drainQueues (http://localhost:37339/__cypress/runner/cypress_runner.js:162024:14)",
                "diff": null
              },
              "uuid": "cb58cfdd-3881-4d92-9c3a-3861fc4247d6",
              "parentUUID": "4a6455cd-36d5-437f-8cf8-843398f65c19",
              "isHook": false,
              "skipped": false
            },
            {
              "title": "Verifica se existe um botão com o id `generate-board`",
              "fullTitle": "10 - Faça o quadro de pixels ter seu tamanho definido pelo usuário. Verifica se existe um botão com o id `generate-board`",
              "timedOut": null,
              "duration": 4200,
              "state": "failed",
              "speed": null,
              "pass": false,
              "fail": true,
              "pending": false,
              "context": null,
              "code": "cy.get('#generate-board').should('be.visible');",
              "err": {
                "message": "CypressError: Timed out retrying: Expected to find element: '#generate-board', but never found it.",
                "estack": "CypressError: Timed out retrying: Expected to find element: '#generate-board', but never found it.\n    at cypressErr (http://localhost:37339/__cypress/runner/cypress_runner.js:149934:9)\n    at throwErr (http://localhost:37339/__cypress/runner/cypress_runner.js:149867:11)\n    at Object.throwErrByPath (http://localhost:37339/__cypress/runner/cypress_runner.js:149915:3)\n    at retry (http://localhost:37339/__cypress/runner/cypress_runner.js:144197:19)\n    at onFailFn (http://localhost:37339/__cypress/runner/cypress_runner.js:132448:16)\n    at tryCatcher (http://localhost:37339/__cypress/runner/cypress_runner.js:167415:23)\n    at Promise._settlePromiseFromHandler (http://localhost:37339/__cypress/runner/cypress_runner.js:165351:31)\n    at Promise._settlePromise (http://localhost:37339/__cypress/runner/cypress_runner.js:165408:18)\n    at Promise._settlePromise0 (http://localhost:37339/__cypress/runner/cypress_runner.js:165453:10)\n    at Promise._settlePromises (http://localhost:37339/__cypress/runner/cypress_runner.js:165528:18)\n    at Async../node_modules/bluebird/js/release/async.js.Async._drainQueue (http://localhost:37339/__cypress/runner/cypress_runner.js:162140:16)\n    at Async../node_modules/bluebird/js/release/async.js.Async._drainQueues (http://localhost:37339/__cypress/runner/cypress_runner.js:162150:10)\n    at Async.drainQueues (http://localhost:37339/__cypress/runner/cypress_runner.js:162024:14)",
                "diff": null
              },
              "uuid": "fcea7956-6f65-4ab9-a827-f697b141dc5e",
              "parentUUID": "4a6455cd-36d5-437f-8cf8-843398f65c19",
              "isHook": false,
              "skipped": false
            },
            {
              "title": "Verifica se o input só aceita número maiores que zero. Essa restrição deve ser feita usando os atributos do elemento `input`",
              "fullTitle": "10 - Faça o quadro de pixels ter seu tamanho definido pelo usuário. Verifica se o input só aceita número maiores que zero. Essa restrição deve ser feita usando os atributos do elemento `input`",
              "timedOut": null,
              "duration": 4175,
              "state": "failed",
              "speed": null,
              "pass": false,
              "fail": true,
              "pending": false,
              "context": null,
              "code": "cy.get('#board-size[type=\\'number\\'][min=\\'1\\']');",
              "err": {
                "message": "CypressError: Timed out retrying: Expected to find element: '#board-size[type='number'][min='1']', but never found it.",
                "estack": "CypressError: Timed out retrying: Expected to find element: '#board-size[type='number'][min='1']', but never found it.\n    at cypressErr (http://localhost:37339/__cypress/runner/cypress_runner.js:149934:9)\n    at throwErr (http://localhost:37339/__cypress/runner/cypress_runner.js:149867:11)\n    at Object.throwErrByPath (http://localhost:37339/__cypress/runner/cypress_runner.js:149915:3)\n    at retry (http://localhost:37339/__cypress/runner/cypress_runner.js:144197:19)\n    at onFailFn (http://localhost:37339/__cypress/runner/cypress_runner.js:132448:16)\n    at tryCatcher (http://localhost:37339/__cypress/runner/cypress_runner.js:167415:23)\n    at Promise._settlePromiseFromHandler (http://localhost:37339/__cypress/runner/cypress_runner.js:165351:31)\n    at Promise._settlePromise (http://localhost:37339/__cypress/runner/cypress_runner.js:165408:18)\n    at Promise._settlePromise0 (http://localhost:37339/__cypress/runner/cypress_runner.js:165453:10)\n    at Promise._settlePromises (http://localhost:37339/__cypress/runner/cypress_runner.js:165528:18)\n    at Async../node_modules/bluebird/js/release/async.js.Async._drainQueue (http://localhost:37339/__cypress/runner/cypress_runner.js:162140:16)\n    at Async../node_modules/bluebird/js/release/async.js.Async._drainQueues (http://localhost:37339/__cypress/runner/cypress_runner.js:162150:10)\n    at Async.drainQueues (http://localhost:37339/__cypress/runner/cypress_runner.js:162024:14)",
                "diff": null
              },
              "uuid": "6eeaf6ae-7845-4311-b7fb-26744629e3d9",
              "parentUUID": "4a6455cd-36d5-437f-8cf8-843398f65c19",
              "isHook": false,
              "skipped": false
            },
            {
              "title": "Verifica se o botão contém o texto 'VQV'",
              "fullTitle": "10 - Faça o quadro de pixels ter seu tamanho definido pelo usuário. Verifica se o botão contém o texto 'VQV'",
              "timedOut": null,
              "duration": 4214,
              "state": "failed",
              "speed": null,
              "pass": false,
              "fail": true,
              "pending": false,
              "context": null,
              "code": "cy.get('#generate-board').contains(/vqv/i);",
              "err": {
                "message": "CypressError: Timed out retrying: Expected to find element: '#generate-board', but never found it.",
                "estack": "CypressError: Timed out retrying: Expected to find element: '#generate-board', but never found it.\n    at cypressErr (http://localhost:37339/__cypress/runner/cypress_runner.js:149934:9)\n    at throwErr (http://localhost:37339/__cypress/runner/cypress_runner.js:149867:11)\n    at Object.throwErrByPath (http://localhost:37339/__cypress/runner/cypress_runner.js:149915:3)\n    at retry (http://localhost:37339/__cypress/runner/cypress_runner.js:144197:19)\n    at onFailFn (http://localhost:37339/__cypress/runner/cypress_runner.js:132448:16)\n    at tryCatcher (http://localhost:37339/__cypress/runner/cypress_runner.js:167415:23)\n    at Promise._settlePromiseFromHandler (http://localhost:37339/__cypress/runner/cypress_runner.js:165351:31)\n    at Promise._settlePromise (http://localhost:37339/__cypress/runner/cypress_runner.js:165408:18)\n    at Promise._settlePromise0 (http://localhost:37339/__cypress/runner/cypress_runner.js:165453:10)\n    at Promise._settlePromises (http://localhost:37339/__cypress/runner/cypress_runner.js:165528:18)\n    at Async../node_modules/bluebird/js/release/async.js.Async._drainQueue (http://localhost:37339/__cypress/runner/cypress_runner.js:162140:16)\n    at Async../node_modules/bluebird/js/release/async.js.Async._drainQueues (http://localhost:37339/__cypress/runner/cypress_runner.js:162150:10)\n    at Async.drainQueues (http://localhost:37339/__cypress/runner/cypress_runner.js:162024:14)",
                "diff": null
              },
              "uuid": "ca67a589-deee-4fc7-b631-858a19a8f2e1",
              "parentUUID": "4a6455cd-36d5-437f-8cf8-843398f65c19",
              "isHook": false,
              "skipped": false
            },
            {
              "title": "Verifica se o input está posicionado entre a paleta de cores e o quadro de pixels",
              "fullTitle": "10 - Faça o quadro de pixels ter seu tamanho definido pelo usuário. Verifica se o input está posicionado entre a paleta de cores e o quadro de pixels",
              "timedOut": null,
              "duration": 4194,
              "state": "failed",
              "speed": null,
              "pass": false,
              "fail": true,
              "pending": false,
              "context": null,
              "code": "cy.get('#color-palette').then(function (palette) {\n  cy.get('#board-size').should('be.belowOf', palette);\n});\ncy.get('#board-size').then(function (palette) {\n  cy.get('#pixel-board').should('be.belowOf', palette);\n});",
              "err": {
                "message": "CypressError: Timed out retrying: Expected to find element: '#board-size', but never found it.",
                "estack": "CypressError: Timed out retrying: Expected to find element: '#board-size', but never found it.\n    at cypressErr (http://localhost:37339/__cypress/runner/cypress_runner.js:149934:9)\n    at throwErr (http://localhost:37339/__cypress/runner/cypress_runner.js:149867:11)\n    at Object.throwErrByPath (http://localhost:37339/__cypress/runner/cypress_runner.js:149915:3)\n    at retry (http://localhost:37339/__cypress/runner/cypress_runner.js:144197:19)\n    at onFailFn (http://localhost:37339/__cypress/runner/cypress_runner.js:132448:16)\n    at tryCatcher (http://localhost:37339/__cypress/runner/cypress_runner.js:167415:23)\n    at Promise._settlePromiseFromHandler (http://localhost:37339/__cypress/runner/cypress_runner.js:165351:31)\n    at Promise._settlePromise (http://localhost:37339/__cypress/runner/cypress_runner.js:165408:18)\n    at Promise._settlePromise0 (http://localhost:37339/__cypress/runner/cypress_runner.js:165453:10)\n    at Promise._settlePromises (http://localhost:37339/__cypress/runner/cypress_runner.js:165528:18)\n    at Async../node_modules/bluebird/js/release/async.js.Async._drainQueue (http://localhost:37339/__cypress/runner/cypress_runner.js:162140:16)\n    at Async../node_modules/bluebird/js/release/async.js.Async._drainQueues (http://localhost:37339/__cypress/runner/cypress_runner.js:162150:10)\n    at Async.drainQueues (http://localhost:37339/__cypress/runner/cypress_runner.js:162024:14)",
                "diff": null
              },
              "uuid": "33f71dbb-154a-46b2-b32b-3b43a447e269",
              "parentUUID": "4a6455cd-36d5-437f-8cf8-843398f65c19",
              "isHook": false,
              "skipped": false
            },
            {
              "title": "Verifica se o botão está posicionado ao lado do input",
              "fullTitle": "10 - Faça o quadro de pixels ter seu tamanho definido pelo usuário. Verifica se o botão está posicionado ao lado do input",
              "timedOut": null,
              "duration": 4224,
              "state": "failed",
              "speed": null,
              "pass": false,
              "fail": true,
              "pending": false,
              "context": null,
              "code": "cy.get('#board-size').then(function (board) {\n  cy.get('#generate-board').should('be.onTheRightOf', board);\n});",
              "err": {
                "message": "CypressError: Timed out retrying: Expected to find element: '#board-size', but never found it.",
                "estack": "CypressError: Timed out retrying: Expected to find element: '#board-size', but never found it.\n    at cypressErr (http://localhost:37339/__cypress/runner/cypress_runner.js:149934:9)\n    at throwErr (http://localhost:37339/__cypress/runner/cypress_runner.js:149867:11)\n    at Object.throwErrByPath (http://localhost:37339/__cypress/runner/cypress_runner.js:149915:3)\n    at retry (http://localhost:37339/__cypress/runner/cypress_runner.js:144197:19)\n    at onFailFn (http://localhost:37339/__cypress/runner/cypress_runner.js:132448:16)\n    at tryCatcher (http://localhost:37339/__cypress/runner/cypress_runner.js:167415:23)\n    at Promise._settlePromiseFromHandler (http://localhost:37339/__cypress/runner/cypress_runner.js:165351:31)\n    at Promise._settlePromise (http://localhost:37339/__cypress/runner/cypress_runner.js:165408:18)\n    at Promise._settlePromise0 (http://localhost:37339/__cypress/runner/cypress_runner.js:165453:10)\n    at Promise._settlePromises (http://localhost:37339/__cypress/runner/cypress_runner.js:165528:18)\n    at Async../node_modules/bluebird/js/release/async.js.Async._drainQueue (http://localhost:37339/__cypress/runner/cypress_runner.js:162140:16)\n    at Async../node_modules/bluebird/js/release/async.js.Async._drainQueues (http://localhost:37339/__cypress/runner/cypress_runner.js:162150:10)\n    at Async.drainQueues (http://localhost:37339/__cypress/runner/cypress_runner.js:162024:14)",
                "diff": null
              },
              "uuid": "4b9b8b34-1b07-4742-89d9-2888690146e1",
              "parentUUID": "4a6455cd-36d5-437f-8cf8-843398f65c19",
              "isHook": false,
              "skipped": false
            },
            {
              "title": "Verifica se nenhum valor for colocado no input ao clicar no botão, um `alert` é exibido com o texto: 'Board inválido!'",
              "fullTitle": "10 - Faça o quadro de pixels ter seu tamanho definido pelo usuário. Verifica se nenhum valor for colocado no input ao clicar no botão, um `alert` é exibido com o texto: 'Board inválido!'",
              "timedOut": null,
              "duration": 4266,
              "state": "failed",
              "speed": null,
              "pass": false,
              "fail": true,
              "pending": false,
              "context": null,
              "code": "var alerted = false;\ncy.on('window:alert', function (msg) {\n  return alerted = msg;\n});\ncy.get('#generate-board').click().then(function () {\n  return expect(alerted).to.match(/Board inválido!/i);\n});",
              "err": {
                "message": "CypressError: Timed out retrying: Expected to find element: '#generate-board', but never found it.",
                "estack": "CypressError: Timed out retrying: Expected to find element: '#generate-board', but never found it.\n    at cypressErr (http://localhost:37339/__cypress/runner/cypress_runner.js:149934:9)\n    at throwErr (http://localhost:37339/__cypress/runner/cypress_runner.js:149867:11)\n    at Object.throwErrByPath (http://localhost:37339/__cypress/runner/cypress_runner.js:149915:3)\n    at retry (http://localhost:37339/__cypress/runner/cypress_runner.js:144197:19)\n    at onFailFn (http://localhost:37339/__cypress/runner/cypress_runner.js:132448:16)\n    at tryCatcher (http://localhost:37339/__cypress/runner/cypress_runner.js:167415:23)\n    at Promise._settlePromiseFromHandler (http://localhost:37339/__cypress/runner/cypress_runner.js:165351:31)\n    at Promise._settlePromise (http://localhost:37339/__cypress/runner/cypress_runner.js:165408:18)\n    at Promise._settlePromise0 (http://localhost:37339/__cypress/runner/cypress_runner.js:165453:10)\n    at Promise._settlePromises (http://localhost:37339/__cypress/runner/cypress_runner.js:165528:18)\n    at Async../node_modules/bluebird/js/release/async.js.Async._drainQueue (http://localhost:37339/__cypress/runner/cypress_runner.js:162140:16)\n    at Async../node_modules/bluebird/js/release/async.js.Async._drainQueues (http://localhost:37339/__cypress/runner/cypress_runner.js:162150:10)\n    at Async.drainQueues (http://localhost:37339/__cypress/runner/cypress_runner.js:162024:14)",
                "diff": null
              },
              "uuid": "6e216acb-bcfc-4b7e-be92-a0dcd045efb4",
              "parentUUID": "4a6455cd-36d5-437f-8cf8-843398f65c19",
              "isHook": false,
              "skipped": false
            },
            {
              "title": "Verifica se ao clicar no botão com um valor preenchido, o tamanho do board muda.",
              "fullTitle": "10 - Faça o quadro de pixels ter seu tamanho definido pelo usuário. Verifica se ao clicar no botão com um valor preenchido, o tamanho do board muda.",
              "timedOut": null,
              "duration": 4241,
              "state": "failed",
              "speed": null,
              "pass": false,
              "fail": true,
              "pending": false,
              "context": null,
              "code": "cy.get('#board-size').clear().type(10);\ncy.get('#generate-board').click();\ncy.get('.pixel').should('have.length', 100);",
              "err": {
                "message": "CypressError: Timed out retrying: Expected to find element: '#board-size', but never found it.",
                "estack": "CypressError: Timed out retrying: Expected to find element: '#board-size', but never found it.\n    at cypressErr (http://localhost:37339/__cypress/runner/cypress_runner.js:149934:9)\n    at throwErr (http://localhost:37339/__cypress/runner/cypress_runner.js:149867:11)\n    at Object.throwErrByPath (http://localhost:37339/__cypress/runner/cypress_runner.js:149915:3)\n    at retry (http://localhost:37339/__cypress/runner/cypress_runner.js:144197:19)\n    at onFailFn (http://localhost:37339/__cypress/runner/cypress_runner.js:132448:16)\n    at tryCatcher (http://localhost:37339/__cypress/runner/cypress_runner.js:167415:23)\n    at Promise._settlePromiseFromHandler (http://localhost:37339/__cypress/runner/cypress_runner.js:165351:31)\n    at Promise._settlePromise (http://localhost:37339/__cypress/runner/cypress_runner.js:165408:18)\n    at Promise._settlePromise0 (http://localhost:37339/__cypress/runner/cypress_runner.js:165453:10)\n    at Promise._settlePromises (http://localhost:37339/__cypress/runner/cypress_runner.js:165528:18)\n    at Async../node_modules/bluebird/js/release/async.js.Async._drainQueue (http://localhost:37339/__cypress/runner/cypress_runner.js:162140:16)\n    at Async../node_modules/bluebird/js/release/async.js.Async._drainQueues (http://localhost:37339/__cypress/runner/cypress_runner.js:162150:10)\n    at Async.drainQueues (http://localhost:37339/__cypress/runner/cypress_runner.js:162024:14)",
                "diff": null
              },
              "uuid": "3e88bb0e-4d81-4822-a612-baaeaf02f1ee",
              "parentUUID": "4a6455cd-36d5-437f-8cf8-843398f65c19",
              "isHook": false,
              "skipped": false
            },
            {
              "title": "Verifica se o novo quadro tem todos os pixels preenchidos com a cor branca",
              "fullTitle": "10 - Faça o quadro de pixels ter seu tamanho definido pelo usuário. Verifica se o novo quadro tem todos os pixels preenchidos com a cor branca",
              "timedOut": null,
              "duration": 4173,
              "state": "failed",
              "speed": null,
              "pass": false,
              "fail": true,
              "pending": false,
              "context": null,
              "code": "cy.get('#board-size').clear().type(6);\ncy.get('#generate-board').click();\ncy.get('.pixel').should('have.length', 36).each(function (pixel) {\n  expect(pixel).to.have.css('background-color', WHITE);\n});",
              "err": {
                "message": "CypressError: Timed out retrying: Expected to find element: '#board-size', but never found it.",
                "estack": "CypressError: Timed out retrying: Expected to find element: '#board-size', but never found it.\n    at cypressErr (http://localhost:37339/__cypress/runner/cypress_runner.js:149934:9)\n    at throwErr (http://localhost:37339/__cypress/runner/cypress_runner.js:149867:11)\n    at Object.throwErrByPath (http://localhost:37339/__cypress/runner/cypress_runner.js:149915:3)\n    at retry (http://localhost:37339/__cypress/runner/cypress_runner.js:144197:19)\n    at onFailFn (http://localhost:37339/__cypress/runner/cypress_runner.js:132448:16)\n    at tryCatcher (http://localhost:37339/__cypress/runner/cypress_runner.js:167415:23)\n    at Promise._settlePromiseFromHandler (http://localhost:37339/__cypress/runner/cypress_runner.js:165351:31)\n    at Promise._settlePromise (http://localhost:37339/__cypress/runner/cypress_runner.js:165408:18)\n    at Promise._settlePromise0 (http://localhost:37339/__cypress/runner/cypress_runner.js:165453:10)\n    at Promise._settlePromises (http://localhost:37339/__cypress/runner/cypress_runner.js:165528:18)\n    at Async../node_modules/bluebird/js/release/async.js.Async._drainQueue (http://localhost:37339/__cypress/runner/cypress_runner.js:162140:16)\n    at Async../node_modules/bluebird/js/release/async.js.Async._drainQueues (http://localhost:37339/__cypress/runner/cypress_runner.js:162150:10)\n    at Async.drainQueues (http://localhost:37339/__cypress/runner/cypress_runner.js:162024:14)",
                "diff": null
              },
              "uuid": "17f46688-f497-450b-bb65-d3cbc675af41",
              "parentUUID": "4a6455cd-36d5-437f-8cf8-843398f65c19",
              "isHook": false,
              "skipped": false
            }
          ],
          "suites": [],
          "passes": [],
          "failures": [
            "cb58cfdd-3881-4d92-9c3a-3861fc4247d6",
            "fcea7956-6f65-4ab9-a827-f697b141dc5e",
            "6eeaf6ae-7845-4311-b7fb-26744629e3d9",
            "ca67a589-deee-4fc7-b631-858a19a8f2e1",
            "33f71dbb-154a-46b2-b32b-3b43a447e269",
            "4b9b8b34-1b07-4742-89d9-2888690146e1",
            "6e216acb-bcfc-4b7e-be92-a0dcd045efb4",
            "3e88bb0e-4d81-4822-a612-baaeaf02f1ee",
            "17f46688-f497-450b-bb65-d3cbc675af41"
          ],
          "pending": [],
          "skipped": [],
          "duration": 37878,
          "root": false,
          "rootEmpty": false,
          "_timeout": 2000
        },
        {
          "uuid": "ac853c38-40ee-4746-b8c5-e808a77508fd",
          "title": "11 - Limite o tamanho mínimo e máximo do board.",
          "fullFile": "",
          "file": "",
          "beforeHooks": [],
          "afterHooks": [],
          "tests": [
            {
              "title": "Verifica se a altura máxima do board é 50",
              "fullTitle": "11 - Limite o tamanho mínimo e máximo do board. Verifica se a altura máxima do board é 50",
              "timedOut": null,
              "duration": 4234,
              "state": "failed",
              "speed": null,
              "pass": false,
              "fail": true,
              "pending": false,
              "context": null,
              "code": "cy.get('#board-size').clear().type(50);\ncy.get('#generate-board').click();\ncy.get('.pixel').should('have.length', 2500);",
              "err": {
                "message": "CypressError: Timed out retrying: Expected to find element: '#board-size', but never found it.",
                "estack": "CypressError: Timed out retrying: Expected to find element: '#board-size', but never found it.\n    at cypressErr (http://localhost:37339/__cypress/runner/cypress_runner.js:149934:9)\n    at throwErr (http://localhost:37339/__cypress/runner/cypress_runner.js:149867:11)\n    at Object.throwErrByPath (http://localhost:37339/__cypress/runner/cypress_runner.js:149915:3)\n    at retry (http://localhost:37339/__cypress/runner/cypress_runner.js:144197:19)\n    at onFailFn (http://localhost:37339/__cypress/runner/cypress_runner.js:132448:16)\n    at tryCatcher (http://localhost:37339/__cypress/runner/cypress_runner.js:167415:23)\n    at Promise._settlePromiseFromHandler (http://localhost:37339/__cypress/runner/cypress_runner.js:165351:31)\n    at Promise._settlePromise (http://localhost:37339/__cypress/runner/cypress_runner.js:165408:18)\n    at Promise._settlePromise0 (http://localhost:37339/__cypress/runner/cypress_runner.js:165453:10)\n    at Promise._settlePromises (http://localhost:37339/__cypress/runner/cypress_runner.js:165528:18)\n    at Async../node_modules/bluebird/js/release/async.js.Async._drainQueue (http://localhost:37339/__cypress/runner/cypress_runner.js:162140:16)\n    at Async../node_modules/bluebird/js/release/async.js.Async._drainQueues (http://localhost:37339/__cypress/runner/cypress_runner.js:162150:10)\n    at Async.drainQueues (http://localhost:37339/__cypress/runner/cypress_runner.js:162024:14)",
                "diff": null
              },
              "uuid": "e9e00a9d-1678-4d76-a6a3-36ccc533770f",
              "parentUUID": "ac853c38-40ee-4746-b8c5-e808a77508fd",
              "isHook": false,
              "skipped": false
            },
            {
              "title": "Verifica se a altura do board é 5 quando um valor menor é colocado no input",
              "fullTitle": "11 - Limite o tamanho mínimo e máximo do board. Verifica se a altura do board é 5 quando um valor menor é colocado no input",
              "timedOut": null,
              "duration": 4178,
              "state": "failed",
              "speed": null,
              "pass": false,
              "fail": true,
              "pending": false,
              "context": null,
              "code": "cy.get('#board-size').clear().type(4);\ncy.get('#generate-board').click();\ncy.get('.pixel').should('have.length', 25);",
              "err": {
                "message": "CypressError: Timed out retrying: Expected to find element: '#board-size', but never found it.",
                "estack": "CypressError: Timed out retrying: Expected to find element: '#board-size', but never found it.\n    at cypressErr (http://localhost:37339/__cypress/runner/cypress_runner.js:149934:9)\n    at throwErr (http://localhost:37339/__cypress/runner/cypress_runner.js:149867:11)\n    at Object.throwErrByPath (http://localhost:37339/__cypress/runner/cypress_runner.js:149915:3)\n    at retry (http://localhost:37339/__cypress/runner/cypress_runner.js:144197:19)\n    at onFailFn (http://localhost:37339/__cypress/runner/cypress_runner.js:132448:16)\n    at tryCatcher (http://localhost:37339/__cypress/runner/cypress_runner.js:167415:23)\n    at Promise._settlePromiseFromHandler (http://localhost:37339/__cypress/runner/cypress_runner.js:165351:31)\n    at Promise._settlePromise (http://localhost:37339/__cypress/runner/cypress_runner.js:165408:18)\n    at Promise._settlePromise0 (http://localhost:37339/__cypress/runner/cypress_runner.js:165453:10)\n    at Promise._settlePromises (http://localhost:37339/__cypress/runner/cypress_runner.js:165528:18)\n    at Async../node_modules/bluebird/js/release/async.js.Async._drainQueue (http://localhost:37339/__cypress/runner/cypress_runner.js:162140:16)\n    at Async../node_modules/bluebird/js/release/async.js.Async._drainQueues (http://localhost:37339/__cypress/runner/cypress_runner.js:162150:10)\n    at Async.drainQueues (http://localhost:37339/__cypress/runner/cypress_runner.js:162024:14)",
                "diff": null
              },
              "uuid": "352d3d3e-719a-423d-af84-9378ad10ff22",
              "parentUUID": "ac853c38-40ee-4746-b8c5-e808a77508fd",
              "isHook": false,
              "skipped": false
            },
            {
              "title": "Verifica se a altura do board é 50 quando um valor maior é colocado no input",
              "fullTitle": "11 - Limite o tamanho mínimo e máximo do board. Verifica se a altura do board é 50 quando um valor maior é colocado no input",
              "timedOut": null,
              "duration": 4225,
              "state": "failed",
              "speed": null,
              "pass": false,
              "fail": true,
              "pending": false,
              "context": null,
              "code": "cy.get('#board-size').clear().type(51);\ncy.get('#generate-board').click();\ncy.get('.pixel').should('have.length', 2500);",
              "err": {
                "message": "CypressError: Timed out retrying: Expected to find element: '#board-size', but never found it.",
                "estack": "CypressError: Timed out retrying: Expected to find element: '#board-size', but never found it.\n    at cypressErr (http://localhost:37339/__cypress/runner/cypress_runner.js:149934:9)\n    at throwErr (http://localhost:37339/__cypress/runner/cypress_runner.js:149867:11)\n    at Object.throwErrByPath (http://localhost:37339/__cypress/runner/cypress_runner.js:149915:3)\n    at retry (http://localhost:37339/__cypress/runner/cypress_runner.js:144197:19)\n    at onFailFn (http://localhost:37339/__cypress/runner/cypress_runner.js:132448:16)\n    at tryCatcher (http://localhost:37339/__cypress/runner/cypress_runner.js:167415:23)\n    at Promise._settlePromiseFromHandler (http://localhost:37339/__cypress/runner/cypress_runner.js:165351:31)\n    at Promise._settlePromise (http://localhost:37339/__cypress/runner/cypress_runner.js:165408:18)\n    at Promise._settlePromise0 (http://localhost:37339/__cypress/runner/cypress_runner.js:165453:10)\n    at Promise._settlePromises (http://localhost:37339/__cypress/runner/cypress_runner.js:165528:18)\n    at Async../node_modules/bluebird/js/release/async.js.Async._drainQueue (http://localhost:37339/__cypress/runner/cypress_runner.js:162140:16)\n    at Async../node_modules/bluebird/js/release/async.js.Async._drainQueues (http://localhost:37339/__cypress/runner/cypress_runner.js:162150:10)\n    at Async.drainQueues (http://localhost:37339/__cypress/runner/cypress_runner.js:162024:14)",
                "diff": null
              },
              "uuid": "c28ed98b-0cd0-4b52-9b87-12fcf20d016d",
              "parentUUID": "ac853c38-40ee-4746-b8c5-e808a77508fd",
              "isHook": false,
              "skipped": false
            }
          ],
          "suites": [],
          "passes": [],
          "failures": [
            "e9e00a9d-1678-4d76-a6a3-36ccc533770f",
            "352d3d3e-719a-423d-af84-9378ad10ff22",
            "c28ed98b-0cd0-4b52-9b87-12fcf20d016d"
          ],
          "pending": [],
          "skipped": [],
          "duration": 12637,
          "root": false,
          "rootEmpty": false,
          "_timeout": 2000
        },
        {
          "uuid": "b5ed03e8-0856-40b8-b070-346dffc56784",
          "title": "12 - Faça com que as cores da paleta sejam geradas aleatoriamente ao carregar a página.",
          "fullFile": "",
          "file": "",
          "beforeHooks": [],
          "afterHooks": [],
          "tests": [
            {
              "title": "Verifica se as cores geradas na paleta são diferentes a cada carregamento da página",
              "fullTitle": "12 - Faça com que as cores da paleta sejam geradas aleatoriamente ao carregar a página. Verifica se as cores geradas na paleta são diferentes a cada carregamento da página",
              "timedOut": null,
              "duration": 325,
              "state": "failed",
              "speed": null,
              "pass": false,
              "fail": true,
              "pending": false,
              "context": null,
              "code": "cy.get('.color').then(function (colors) {\n  var currentColors;\n  var previousColors;\n  previousColors = Array.from(colors).map(function (color) {\n    return Cypress.$(color).css('background-color');\n  });\n  for (var i = 0; i < 5; i += 1) {\n    cy.reload();\n    cy.get('.color').then(function (colors) {\n      currentColors = Array.from(colors).map(function (color) {\n        return Cypress.$(color).css('background-color');\n      });\n      expect(currentColors).not.to.deep.equal(previousColors);\n      previousColors = currentColors;\n    });\n  }\n});",
              "err": {
                "message": "AssertionError: expected [ Array(4) ] to not deeply equal [ Array(4) ]",
                "estack": "AssertionError: expected [ Array(4) ] to not deeply equal [ Array(4) ]\n    at getRet (http://localhost:37339/__cypress/runner/cypress_runner.js:136585:16)\n    at tryCatcher (http://localhost:37339/__cypress/runner/cypress_runner.js:167415:23)\n    at Function.Promise.attempt.Promise.try (http://localhost:37339/__cypress/runner/cypress_runner.js:164690:29)\n    at Context.thenFn (http://localhost:37339/__cypress/runner/cypress_runner.js:136599:23)\n    at Context.then (http://localhost:37339/__cypress/runner/cypress_runner.js:136971:21)\n    at Context.<anonymous> (http://localhost:37339/__cypress/runner/cypress_runner.js:148875:21)\n    at http://localhost:37339/__cypress/runner/cypress_runner.js:148351:33\n    at tryCatcher (http://localhost:37339/__cypress/runner/cypress_runner.js:167415:23)\n    at Promise._settlePromiseFromHandler (http://localhost:37339/__cypress/runner/cypress_runner.js:165351:31)\n    at Promise._settlePromise (http://localhost:37339/__cypress/runner/cypress_runner.js:165408:18)\n    at Promise._settlePromiseCtx (http://localhost:37339/__cypress/runner/cypress_runner.js:165445:10)\n    at Async../node_modules/bluebird/js/release/async.js.Async._drainQueue (http://localhost:37339/__cypress/runner/cypress_runner.js:162145:12)\n    at Async../node_modules/bluebird/js/release/async.js.Async._drainQueues (http://localhost:37339/__cypress/runner/cypress_runner.js:162150:10)\n    at Async.drainQueues (http://localhost:37339/__cypress/runner/cypress_runner.js:162024:14)",
                "diff": ""
              },
              "uuid": "42303ebd-1860-46e9-882b-34dce6c7ba98",
              "parentUUID": "b5ed03e8-0856-40b8-b070-346dffc56784",
              "isHook": false,
              "skipped": false
            },
            {
              "title": "Verifica se a cor preta ainda está presente e é a primeira na sua paleta de cores",
              "fullTitle": "12 - Faça com que as cores da paleta sejam geradas aleatoriamente ao carregar a página. Verifica se a cor preta ainda está presente e é a primeira na sua paleta de cores",
              "timedOut": null,
              "duration": 232,
              "state": "failed",
              "speed": null,
              "pass": false,
              "fail": true,
              "pending": false,
              "context": null,
              "code": "cy.get('.color').then(function (colors) {\n  var currentColors;\n  var previousColors;\n  previousColors = Array.from(colors).map(function (color) {\n    return Cypress.$(color).css('background-color');\n  });\n  expect(previousColors[0]).to.eq(BLACK);\n  for (var i = 0; i < 5; i += 1) {\n    cy.reload();\n    cy.get('.color').then(function (colors) {\n      currentColors = Array.from(colors).map(function (color) {\n        return Cypress.$(color).css('background-color');\n      });\n      expect(currentColors[0]).to.eq(BLACK);\n      expect(currentColors).not.to.deep.equal(previousColors);\n      previousColors = currentColors;\n    });\n  }\n});",
              "err": {
                "message": "AssertionError: expected [ Array(4) ] to not deeply equal [ Array(4) ]",
                "estack": "AssertionError: expected [ Array(4) ] to not deeply equal [ Array(4) ]\n    at getRet (http://localhost:37339/__cypress/runner/cypress_runner.js:136585:16)\n    at tryCatcher (http://localhost:37339/__cypress/runner/cypress_runner.js:167415:23)\n    at Function.Promise.attempt.Promise.try (http://localhost:37339/__cypress/runner/cypress_runner.js:164690:29)\n    at Context.thenFn (http://localhost:37339/__cypress/runner/cypress_runner.js:136599:23)\n    at Context.then (http://localhost:37339/__cypress/runner/cypress_runner.js:136971:21)\n    at Context.<anonymous> (http://localhost:37339/__cypress/runner/cypress_runner.js:148875:21)\n    at http://localhost:37339/__cypress/runner/cypress_runner.js:148351:33\n    at tryCatcher (http://localhost:37339/__cypress/runner/cypress_runner.js:167415:23)\n    at Promise._settlePromiseFromHandler (http://localhost:37339/__cypress/runner/cypress_runner.js:165351:31)\n    at Promise._settlePromise (http://localhost:37339/__cypress/runner/cypress_runner.js:165408:18)\n    at Promise._settlePromiseCtx (http://localhost:37339/__cypress/runner/cypress_runner.js:165445:10)\n    at Async../node_modules/bluebird/js/release/async.js.Async._drainQueue (http://localhost:37339/__cypress/runner/cypress_runner.js:162145:12)\n    at Async../node_modules/bluebird/js/release/async.js.Async._drainQueues (http://localhost:37339/__cypress/runner/cypress_runner.js:162150:10)\n    at Async.drainQueues (http://localhost:37339/__cypress/runner/cypress_runner.js:162024:14)",
                "diff": ""
              },
              "uuid": "484f012e-7d22-4d83-8694-353d866795d3",
              "parentUUID": "b5ed03e8-0856-40b8-b070-346dffc56784",
              "isHook": false,
              "skipped": false
            }
          ],
          "suites": [],
          "passes": [],
          "failures": [
            "42303ebd-1860-46e9-882b-34dce6c7ba98",
            "484f012e-7d22-4d83-8694-353d866795d3"
          ],
          "pending": [],
          "skipped": [],
          "duration": 557,
          "root": false,
          "rootEmpty": false,
          "_timeout": 2000
        }
      ],
      "passes": [],
      "failures": [],
      "pending": [],
      "skipped": [],
      "duration": 0,
      "root": true,
      "rootEmpty": true,
      "_timeout": 2000
    }
  ],
  "meta": {
    "mocha": {
      "version": "7.0.1"
    },
    "mochawesome": {
      "options": {
        "quiet": false,
        "reportFilename": "mochawesome",
        "saveHtml": false,
        "saveJson": true,
        "consoleReporter": "spec",
        "useInlineDiffs": false
      },
      "version": "4.1.0"
    },
    "marge": {
      "options": {
        "id": "default",
        "reportDir": "cypress/reports",
        "overwrite": true,
        "html": false,
        "json": true
      },
      "version": "4.1.0"
    }
  }
}